# JRE version: OpenJDK Runtime Environment (8.0_152-b01) (build 1.8.0_152-release-915-b01)
# Java VM: OpenJDK 64-Bit Server VM (25.152-b01 mixed mode windows-amd64 compressed oops)
Heap:
 PSYoungGen      total 139776K, used 53648K [0x00000000e0000000, 0x00000000ebc00000, 0x0000000100000000)
  eden space 106496K, 25% used [0x00000000e0000000,0x00000000e1a3c2c0,0x00000000e6800000)
  from space 33280K, 80% used [0x00000000e6800000,0x00000000e8227f90,0x00000000e8880000)
  to   space 35840K, 0% used [0x00000000e9900000,0x00000000e9900000,0x00000000ebc00000)
 ParOldGen       total 217600K, used 79687K [0x00000000a0000000, 0x00000000ad480000, 0x00000000e0000000)
  object space 217600K, 36% used [0x00000000a0000000,0x00000000a4dd1d20,0x00000000ad480000)
 Metaspace       used 54882K, capacity 55962K, committed 56448K, reserved 1099776K
  class space    used 6660K, capacity 6923K, committed 7040K, reserved 1048576K
GC Heap History (10 events):
Event: 5.748 GC heap before
{Heap before GC invocations=16 (full 5):
 PSYoungGen      total 99328K, used 90352K [0x00000000e0000000, 0x00000000e8f00000, 0x0000000100000000)
  eden space 78848K, 100% used [0x00000000e0000000,0x00000000e4d00000,0x00000000e4d00000)
  from space 20480K, 56% used [0x00000000e4d00000,0x00000000e583c350,0x00000000e6100000)
  to   space 19456K, 0% used [0x00000000e7c00000,0x00000000e7c00000,0x00000000e8f00000)
 ParOldGen       total 160768K, used 159751K [0x00000000a0000000, 0x00000000a9d00000, 0x00000000e0000000)
  object space 160768K, 99% used [0x00000000a0000000,0x00000000a9c01c10,0x00000000a9d00000)
 Metaspace       used 44491K, capacity 45198K, committed 45568K, reserved 1089536K
  class space    used 5665K, capacity 5803K, committed 5888K, reserved 1048576K
Event: 5.793 GC heap after
Heap after GC invocations=16 (full 5):
 PSYoungGen      total 99328K, used 0K [0x00000000e0000000, 0x00000000e8f00000, 0x0000000100000000)
  eden space 78848K, 0% used [0x00000000e0000000,0x00000000e0000000,0x00000000e4d00000)
  from space 20480K, 0% used [0x00000000e4d00000,0x00000000e4d00000,0x00000000e6100000)
  to   space 19456K, 0% used [0x00000000e7c00000,0x00000000e7c00000,0x00000000e8f00000)
 ParOldGen       total 217600K, used 38963K [0x00000000a0000000, 0x00000000ad480000, 0x00000000e0000000)
  object space 217600K, 17% used [0x00000000a0000000,0x00000000a260cf50,0x00000000ad480000)
 Metaspace       used 44491K, capacity 45198K, committed 45568K, reserved 1089536K
  class space    used 5665K, capacity 5803K, committed 5888K, reserved 1048576K
}
Event: 121.899 GC heap before
{Heap before GC invocations=17 (full 5):
 PSYoungGen      total 99328K, used 78848K [0x00000000e0000000, 0x00000000e8f00000, 0x0000000100000000)
  eden space 78848K, 100% used [0x00000000e0000000,0x00000000e4d00000,0x00000000e4d00000)
  from space 20480K, 0% used [0x00000000e4d00000,0x00000000e4d00000,0x00000000e6100000)
  to   space 19456K, 0% used [0x00000000e7c00000,0x00000000e7c00000,0x00000000e8f00000)
 ParOldGen       total 217600K, used 38963K [0x00000000a0000000, 0x00000000ad480000, 0x00000000e0000000)
  object space 217600K, 17% used [0x00000000a0000000,0x00000000a260cf50,0x00000000ad480000)
 Metaspace       used 52196K, capacity 53086K, committed 53632K, reserved 1095680K
  class space    used 6508K, capacity 6729K, committed 6784K, reserved 1048576K
Event: 121.911 GC heap after
Heap after GC invocations=17 (full 5):
 PSYoungGen      total 109568K, used 13445K [0x00000000e0000000, 0x00000000e8980000, 0x0000000100000000)
  eden space 95744K, 0% used [0x00000000e0000000,0x00000000e0000000,0x00000000e5d80000)
  from space 13824K, 97% used [0x00000000e7c00000,0x00000000e8921630,0x00000000e8980000)
  to   space 19968K, 0% used [0x00000000e6280000,0x00000000e6280000,0x00000000e7600000)
 ParOldGen       total 217600K, used 38971K [0x00000000a0000000, 0x00000000ad480000, 0x00000000e0000000)
  object space 217600K, 17% used [0x00000000a0000000,0x00000000a260ef50,0x00000000ad480000)
 Metaspace       used 52196K, capacity 53086K, committed 53632K, reserved 1095680K
  class space    used 6508K, capacity 6729K, committed 6784K, reserved 1048576K
}
Event: 122.604 GC heap before
{Heap before GC invocations=18 (full 5):
 PSYoungGen      total 109568K, used 109189K [0x00000000e0000000, 0x00000000e8980000, 0x0000000100000000)
  eden space 95744K, 100% used [0x00000000e0000000,0x00000000e5d80000,0x00000000e5d80000)
  from space 13824K, 97% used [0x00000000e7c00000,0x00000000e8921630,0x00000000e8980000)
  to   space 19968K, 0% used [0x00000000e6280000,0x00000000e6280000,0x00000000e7600000)
 ParOldGen       total 217600K, used 38971K [0x00000000a0000000, 0x00000000ad480000, 0x00000000e0000000)
  object space 217600K, 17% used [0x00000000a0000000,0x00000000a260ef50,0x00000000ad480000)
 Metaspace       used 53031K, capacity 53972K, committed 54400K, reserved 1097728K
  class space    used 6531K, capacity 6764K, committed 6784K, reserved 1048576K
Event: 122.624 GC heap after
Heap after GC invocations=18 (full 5):
 PSYoungGen      total 120832K, used 19957K [0x00000000e0000000, 0x00000000ea080000, 0x0000000100000000)
  eden space 100864K, 0% used [0x00000000e0000000,0x00000000e0000000,0x00000000e6280000)
  from space 19968K, 99% used [0x00000000e6280000,0x00000000e75fd720,0x00000000e7600000)
  to   space 24576K, 0% used [0x00000000e8880000,0x00000000e8880000,0x00000000ea080000)
 ParOldGen       total 217600K, used 45600K [0x00000000a0000000, 0x00000000ad480000, 0x00000000e0000000)
  object space 217600K, 20% used [0x00000000a0000000,0x00000000a2c88308,0x00000000ad480000)
 Metaspace       used 53031K, capacity 53972K, committed 54400K, reserved 1097728K
  class space    used 6531K, capacity 6764K, committed 6784K, reserved 1048576K
}
Event: 219.317 GC heap before
{Heap before GC invocations=19 (full 5):
 PSYoungGen      total 120832K, used 120821K [0x00000000e0000000, 0x00000000ea080000, 0x0000000100000000)
  eden space 100864K, 100% used [0x00000000e0000000,0x00000000e6280000,0x00000000e6280000)
  from space 19968K, 99% used [0x00000000e6280000,0x00000000e75fd720,0x00000000e7600000)
  to   space 24576K, 0% used [0x00000000e8880000,0x00000000e8880000,0x00000000ea080000)
 ParOldGen       total 217600K, used 45600K [0x00000000a0000000, 0x00000000ad480000, 0x00000000e0000000)
  object space 217600K, 20% used [0x00000000a0000000,0x00000000a2c88308,0x00000000ad480000)
 Metaspace       used 53671K, capacity 54610K, committed 55296K, reserved 1097728K
  class space    used 6580K, capacity 6805K, committed 6912K, reserved 1048576K
Event: 219.341 GC heap after
Heap after GC invocations=19 (full 5):
 PSYoungGen      total 131072K, used 24552K [0x00000000e0000000, 0x00000000eb400000, 0x0000000100000000)
  eden space 106496K, 0% used [0x00000000e0000000,0x00000000e0000000,0x00000000e6800000)
  from space 24576K, 99% used [0x00000000e8880000,0x00000000ea07a2e8,0x00000000ea080000)
  to   space 33280K, 0% used [0x00000000e6800000,0x00000000e6800000,0x00000000e8880000)
 ParOldGen       total 217600K, used 61031K [0x00000000a0000000, 0x00000000ad480000, 0x00000000e0000000)
  object space 217600K, 28% used [0x00000000a0000000,0x00000000a3b99e38,0x00000000ad480000)
 Metaspace       used 53671K, capacity 54610K, committed 55296K, reserved 1097728K
  class space    used 6580K, capacity 6805K, committed 6912K, reserved 1048576K
}
Event: 831.977 GC heap before
{Heap before GC invocations=20 (full 5):
 PSYoungGen      total 131072K, used 131048K [0x00000000e0000000, 0x00000000eb400000, 0x0000000100000000)
  eden space 106496K, 100% used [0x00000000e0000000,0x00000000e6800000,0x00000000e6800000)
  from space 24576K, 99% used [0x00000000e8880000,0x00000000ea07a2e8,0x00000000ea080000)
  to   space 33280K, 0% used [0x00000000e6800000,0x00000000e6800000,0x00000000e8880000)
 ParOldGen       total 217600K, used 61031K [0x00000000a0000000, 0x00000000ad480000, 0x00000000e0000000)
  object space 217600K, 28% used [0x00000000a0000000,0x00000000a3b99e38,0x00000000ad480000)
 Metaspace       used 54756K, capacity 55818K, committed 56448K, reserved 1099776K
  class space    used 6640K, capacity 6921K, committed 7040K, reserved 1048576K
Event: 832.009 GC heap after
Heap after GC invocations=20 (full 5):
 PSYoungGen      total 139776K, used 26783K [0x00000000e0000000, 0x00000000ebc00000, 0x0000000100000000)
  eden space 106496K, 0% used [0x00000000e0000000,0x00000000e0000000,0x00000000e6800000)
  from space 33280K, 80% used [0x00000000e6800000,0x00000000e8227f90,0x00000000e8880000)
  to   space 35840K, 0% used [0x00000000e9900000,0x00000000e9900000,0x00000000ebc00000)
 ParOldGen       total 217600K, used 79687K [0x00000000a0000000, 0x00000000ad480000, 0x00000000e0000000)
  object space 217600K, 36% used [0x00000000a0000000,0x00000000a4dd1d20,0x00000000ad480000)
 Metaspace       used 54756K, capacity 55818K, committed 56448K, reserved 1099776K
  class space    used 6640K, capacity 6921K, committed 7040K, reserved 1048576K
}

