# JRE version: OpenJDK Runtime Environment (8.0_152-b01) (build 1.8.0_152-release-915-b01)
# Java VM: OpenJDK 64-Bit Server VM (25.152-b01 mixed mode windows-amd64 compressed oops)
Heap:
 PSYoungGen      total 273408K, used 175245K [0x00000000e0000000, 0x00000000f2e80000, 0x0000000100000000)
  eden space 243200K, 61% used [0x00000000e0000000,0x00000000e91079d0,0x00000000eed80000)
  from space 30208K, 88% used [0x00000000f1000000,0x00000000f2a1ba90,0x00000000f2d80000)
  to   space 33280K, 0% used [0x00000000eed80000,0x00000000eed80000,0x00000000f0e00000)
 ParOldGen       total 205824K, used 92619K [0x00000000a0000000, 0x00000000ac900000, 0x00000000e0000000)
  object space 205824K, 44% used [0x00000000a0000000,0x00000000a5a72c18,0x00000000ac900000)
 Metaspace       used 55818K, capacity 57116K, committed 57600K, reserved 1099776K
  class space    used 6766K, capacity 7104K, committed 7168K, reserved 1048576K
GC Heap History (10 events):
Event: 5.795 GC heap before
{Heap before GC invocations=14 (full 3):
 PSYoungGen      total 128512K, used 127526K [0x00000000e0000000, 0x00000000eac00000, 0x0000000100000000)
  eden space 109568K, 99% used [0x00000000e0000000,0x00000000e6a0c878,0x00000000e6b00000)
  from space 18944K, 99% used [0x00000000e9980000,0x00000000eabfd2d0,0x00000000eac00000)
  to   space 25600K, 0% used [0x00000000e7a00000,0x00000000e7a00000,0x00000000e9300000)
 ParOldGen       total 111104K, used 99339K [0x00000000a0000000, 0x00000000a6c80000, 0x00000000e0000000)
  object space 111104K, 89% used [0x00000000a0000000,0x00000000a6102e80,0x00000000a6c80000)
 Metaspace       used 43418K, capacity 44120K, committed 44672K, reserved 1087488K
  class space    used 5480K, capacity 5638K, committed 5760K, reserved 1048576K
Event: 5.840 GC heap after
Heap after GC invocations=14 (full 3):
 PSYoungGen      total 150528K, used 19204K [0x00000000e0000000, 0x00000000eda00000, 0x0000000100000000)
  eden space 124928K, 0% used [0x00000000e0000000,0x00000000e0000000,0x00000000e7a00000)
  from space 25600K, 75% used [0x00000000e7a00000,0x00000000e8cc1280,0x00000000e9300000)
  to   space 27136K, 0% used [0x00000000ebf80000,0x00000000ebf80000,0x00000000eda00000)
 ParOldGen       total 152576K, used 150057K [0x00000000a0000000, 0x00000000a9500000, 0x00000000e0000000)
  object space 152576K, 98% used [0x00000000a0000000,0x00000000a928a6c8,0x00000000a9500000)
 Metaspace       used 43418K, capacity 44120K, committed 44672K, reserved 1087488K
  class space    used 5480K, capacity 5638K, committed 5760K, reserved 1048576K
}
Event: 5.840 GC heap before
{Heap before GC invocations=15 (full 4):
 PSYoungGen      total 150528K, used 19204K [0x00000000e0000000, 0x00000000eda00000, 0x0000000100000000)
  eden space 124928K, 0% used [0x00000000e0000000,0x00000000e0000000,0x00000000e7a00000)
  from space 25600K, 75% used [0x00000000e7a00000,0x00000000e8cc1280,0x00000000e9300000)
  to   space 27136K, 0% used [0x00000000ebf80000,0x00000000ebf80000,0x00000000eda00000)
 ParOldGen       total 152576K, used 150057K [0x00000000a0000000, 0x00000000a9500000, 0x00000000e0000000)
  object space 152576K, 98% used [0x00000000a0000000,0x00000000a928a6c8,0x00000000a9500000)
 Metaspace       used 43418K, capacity 44120K, committed 44672K, reserved 1087488K
  class space    used 5480K, capacity 5638K, committed 5760K, reserved 1048576K
Event: 5.933 GC heap after
Heap after GC invocations=15 (full 4):
 PSYoungGen      total 150528K, used 0K [0x00000000e0000000, 0x00000000eda00000, 0x0000000100000000)
  eden space 124928K, 0% used [0x00000000e0000000,0x00000000e0000000,0x00000000e7a00000)
  from space 25600K, 0% used [0x00000000e7a00000,0x00000000e7a00000,0x00000000e9300000)
  to   space 27136K, 0% used [0x00000000ebf80000,0x00000000ebf80000,0x00000000eda00000)
 ParOldGen       total 205824K, used 83201K [0x00000000a0000000, 0x00000000ac900000, 0x00000000e0000000)
  object space 205824K, 40% used [0x00000000a0000000,0x00000000a5140690,0x00000000ac900000)
 Metaspace       used 43418K, capacity 44120K, committed 44672K, reserved 1087488K
  class space    used 5480K, capacity 5638K, committed 5760K, reserved 1048576K
}
Event: 58.184 GC heap before
{Heap before GC invocations=16 (full 4):
 PSYoungGen      total 150528K, used 124928K [0x00000000e0000000, 0x00000000eda00000, 0x0000000100000000)
  eden space 124928K, 100% used [0x00000000e0000000,0x00000000e7a00000,0x00000000e7a00000)
  from space 25600K, 0% used [0x00000000e7a00000,0x00000000e7a00000,0x00000000e9300000)
  to   space 27136K, 0% used [0x00000000ebf80000,0x00000000ebf80000,0x00000000eda00000)
 ParOldGen       total 205824K, used 83201K [0x00000000a0000000, 0x00000000ac900000, 0x00000000e0000000)
  object space 205824K, 40% used [0x00000000a0000000,0x00000000a5140690,0x00000000ac900000)
 Metaspace       used 51277K, capacity 52214K, committed 52864K, reserved 1095680K
  class space    used 6434K, capacity 6659K, committed 6784K, reserved 1048576K
Event: 58.198 GC heap after
Heap after GC invocations=16 (full 4):
 PSYoungGen      total 196608K, used 15271K [0x00000000e0000000, 0x00000000eea80000, 0x0000000100000000)
  eden space 169472K, 0% used [0x00000000e0000000,0x00000000e0000000,0x00000000ea580000)
  from space 27136K, 56% used [0x00000000ebf80000,0x00000000ece69f18,0x00000000eda00000)
  to   space 26624K, 0% used [0x00000000ea580000,0x00000000ea580000,0x00000000ebf80000)
 ParOldGen       total 205824K, used 83209K [0x00000000a0000000, 0x00000000ac900000, 0x00000000e0000000)
  object space 205824K, 40% used [0x00000000a0000000,0x00000000a5142690,0x00000000ac900000)
 Metaspace       used 51277K, capacity 52214K, committed 52864K, reserved 1095680K
  class space    used 6434K, capacity 6659K, committed 6784K, reserved 1048576K
}
Event: 110.073 GC heap before
{Heap before GC invocations=17 (full 4):
 PSYoungGen      total 196608K, used 184743K [0x00000000e0000000, 0x00000000eea80000, 0x0000000100000000)
  eden space 169472K, 100% used [0x00000000e0000000,0x00000000ea580000,0x00000000ea580000)
  from space 27136K, 56% used [0x00000000ebf80000,0x00000000ece69f18,0x00000000eda00000)
  to   space 26624K, 0% used [0x00000000ea580000,0x00000000ea580000,0x00000000ebf80000)
 ParOldGen       total 205824K, used 83209K [0x00000000a0000000, 0x00000000ac900000, 0x00000000e0000000)
  object space 205824K, 40% used [0x00000000a0000000,0x00000000a5142690,0x00000000ac900000)
 Metaspace       used 52661K, capacity 53648K, committed 54144K, reserved 1097728K
  class space    used 6516K, capacity 6768K, committed 6784K, reserved 1048576K
Event: 110.112 GC heap after
Heap after GC invocations=17 (full 4):
 PSYoungGen      total 196096K, used 26621K [0x00000000e0000000, 0x00000000f2d80000, 0x0000000100000000)
  eden space 169472K, 0% used [0x00000000e0000000,0x00000000e0000000,0x00000000ea580000)
  from space 26624K, 99% used [0x00000000ea580000,0x00000000ebf7f5f8,0x00000000ebf80000)
  to   space 30208K, 0% used [0x00000000f1000000,0x00000000f1000000,0x00000000f2d80000)
 ParOldGen       total 205824K, used 83669K [0x00000000a0000000, 0x00000000ac900000, 0x00000000e0000000)
  object space 205824K, 40% used [0x00000000a0000000,0x00000000a51b5790,0x00000000ac900000)
 Metaspace       used 52661K, capacity 53648K, committed 54144K, reserved 1097728K
  class space    used 6516K, capacity 6768K, committed 6784K, reserved 1048576K
}
Event: 166.432 GC heap before
{Heap before GC invocations=18 (full 4):
 PSYoungGen      total 196096K, used 196093K [0x00000000e0000000, 0x00000000f2d80000, 0x0000000100000000)
  eden space 169472K, 100% used [0x00000000e0000000,0x00000000ea580000,0x00000000ea580000)
  from space 26624K, 99% used [0x00000000ea580000,0x00000000ebf7f5f8,0x00000000ebf80000)
  to   space 30208K, 0% used [0x00000000f1000000,0x00000000f1000000,0x00000000f2d80000)
 ParOldGen       total 205824K, used 83669K [0x00000000a0000000, 0x00000000ac900000, 0x00000000e0000000)
  object space 205824K, 40% used [0x00000000a0000000,0x00000000a51b5790,0x00000000ac900000)
 Metaspace       used 54559K, capacity 55616K, committed 56192K, reserved 1097728K
  class space    used 6672K, capacity 6952K, committed 7040K, reserved 1048576K
Event: 166.467 GC heap after
Heap after GC invocations=18 (full 4):
 PSYoungGen      total 273408K, used 26734K [0x00000000e0000000, 0x00000000f2e80000, 0x0000000100000000)
  eden space 243200K, 0% used [0x00000000e0000000,0x00000000e0000000,0x00000000eed80000)
  from space 30208K, 88% used [0x00000000f1000000,0x00000000f2a1ba90,0x00000000f2d80000)
  to   space 33280K, 0% used [0x00000000eed80000,0x00000000eed80000,0x00000000f0e00000)
 ParOldGen       total 205824K, used 92619K [0x00000000a0000000, 0x00000000ac900000, 0x00000000e0000000)
  object space 205824K, 44% used [0x00000000a0000000,0x00000000a5a72c18,0x00000000ac900000)
 Metaspace       used 54559K, capacity 55616K, committed 56192K, reserved 1097728K
  class space    used 6672K, capacity 6952K, committed 7040K, reserved 1048576K
}

